<?xml version="1.0" encoding="UTF-8"?>
<testsuite xmlns:xsi="http://www.w3.org/2001/XMLSchema-instance" xsi:noNamespaceSchemaLocation="https://maven.apache.org/surefire/maven-surefire-plugin/xsd/surefire-test-report.xsd" name="io.newvisionsoftware.IVA.IvaApplicationTests" time="2.382" tests="1" errors="0" skipped="0" failures="0">
  <properties>
    <property name="java.specification.version" value="17"/>
    <property name="sun.jnu.encoding" value="UTF-8"/>
    <property name="java.class.path" value="/home/makarand.palsule@newvisionsoftpune.com/Downloads/IVA (1)/IVA/target/test-classes:/home/makarand.palsule@newvisionsoftpune.com/Downloads/IVA (1)/IVA/target/classes:/home/makarand.palsule@newvisionsoftpune.com/.m2/repository/org/springframework/boot/spring-boot-starter-web/2.7.1/spring-boot-starter-web-2.7.1.jar:/home/makarand.palsule@newvisionsoftpune.com/.m2/repository/org/springframework/boot/spring-boot-starter/2.7.1/spring-boot-starter-2.7.1.jar:/home/makarand.palsule@newvisionsoftpune.com/.m2/repository/org/springframework/boot/spring-boot/2.7.1/spring-boot-2.7.1.jar:/home/makarand.palsule@newvisionsoftpune.com/.m2/repository/org/springframework/boot/spring-boot-autoconfigure/2.7.1/spring-boot-autoconfigure-2.7.1.jar:/home/makarand.palsule@newvisionsoftpune.com/.m2/repository/org/springframework/boot/spring-boot-starter-logging/2.7.1/spring-boot-starter-logging-2.7.1.jar:/home/makarand.palsule@newvisionsoftpune.com/.m2/repository/ch/qos/logback/logback-classic/1.2.11/logback-classic-1.2.11.jar:/home/makarand.palsule@newvisionsoftpune.com/.m2/repository/ch/qos/logback/logback-core/1.2.11/logback-core-1.2.11.jar:/home/makarand.palsule@newvisionsoftpune.com/.m2/repository/org/apache/logging/log4j/log4j-to-slf4j/2.17.2/log4j-to-slf4j-2.17.2.jar:/home/makarand.palsule@newvisionsoftpune.com/.m2/repository/org/apache/logging/log4j/log4j-api/2.17.2/log4j-api-2.17.2.jar:/home/makarand.palsule@newvisionsoftpune.com/.m2/repository/org/slf4j/jul-to-slf4j/1.7.36/jul-to-slf4j-1.7.36.jar:/home/makarand.palsule@newvisionsoftpune.com/.m2/repository/jakarta/annotation/jakarta.annotation-api/1.3.5/jakarta.annotation-api-1.3.5.jar:/home/makarand.palsule@newvisionsoftpune.com/.m2/repository/org/yaml/snakeyaml/1.30/snakeyaml-1.30.jar:/home/makarand.palsule@newvisionsoftpune.com/.m2/repository/org/springframework/boot/spring-boot-starter-json/2.7.1/spring-boot-starter-json-2.7.1.jar:/home/makarand.palsule@newvisionsoftpune.com/.m2/repository/com/fasterxml/jackson/core/jackson-databind/2.13.3/jackson-databind-2.13.3.jar:/home/makarand.palsule@newvisionsoftpune.com/.m2/repository/com/fasterxml/jackson/core/jackson-annotations/2.13.3/jackson-annotations-2.13.3.jar:/home/makarand.palsule@newvisionsoftpune.com/.m2/repository/com/fasterxml/jackson/core/jackson-core/2.13.3/jackson-core-2.13.3.jar:/home/makarand.palsule@newvisionsoftpune.com/.m2/repository/com/fasterxml/jackson/datatype/jackson-datatype-jdk8/2.13.3/jackson-datatype-jdk8-2.13.3.jar:/home/makarand.palsule@newvisionsoftpune.com/.m2/repository/com/fasterxml/jackson/datatype/jackson-datatype-jsr310/2.13.3/jackson-datatype-jsr310-2.13.3.jar:/home/makarand.palsule@newvisionsoftpune.com/.m2/repository/com/fasterxml/jackson/module/jackson-module-parameter-names/2.13.3/jackson-module-parameter-names-2.13.3.jar:/home/makarand.palsule@newvisionsoftpune.com/.m2/repository/org/springframework/boot/spring-boot-starter-tomcat/2.7.1/spring-boot-starter-tomcat-2.7.1.jar:/home/makarand.palsule@newvisionsoftpune.com/.m2/repository/org/apache/tomcat/embed/tomcat-embed-core/9.0.64/tomcat-embed-core-9.0.64.jar:/home/makarand.palsule@newvisionsoftpune.com/.m2/repository/org/apache/tomcat/embed/tomcat-embed-el/9.0.64/tomcat-embed-el-9.0.64.jar:/home/makarand.palsule@newvisionsoftpune.com/.m2/repository/org/apache/tomcat/embed/tomcat-embed-websocket/9.0.64/tomcat-embed-websocket-9.0.64.jar:/home/makarand.palsule@newvisionsoftpune.com/.m2/repository/org/springframework/spring-web/5.3.21/spring-web-5.3.21.jar:/home/makarand.palsule@newvisionsoftpune.com/.m2/repository/org/springframework/spring-beans/5.3.21/spring-beans-5.3.21.jar:/home/makarand.palsule@newvisionsoftpune.com/.m2/repository/org/springframework/spring-webmvc/5.3.21/spring-webmvc-5.3.21.jar:/home/makarand.palsule@newvisionsoftpune.com/.m2/repository/org/springframework/spring-aop/5.3.21/spring-aop-5.3.21.jar:/home/makarand.palsule@newvisionsoftpune.com/.m2/repository/org/springframework/spring-context/5.3.21/spring-context-5.3.21.jar:/home/makarand.palsule@newvisionsoftpune.com/.m2/repository/org/springframework/spring-expression/5.3.21/spring-expression-5.3.21.jar:/home/makarand.palsule@newvisionsoftpune.com/.m2/repository/org/springframework/boot/spring-boot-starter-web-services/2.7.1/spring-boot-starter-web-services-2.7.1.jar:/home/makarand.palsule@newvisionsoftpune.com/.m2/repository/com/sun/xml/messaging/saaj/saaj-impl/1.5.3/saaj-impl-1.5.3.jar:/home/makarand.palsule@newvisionsoftpune.com/.m2/repository/jakarta/xml/soap/jakarta.xml.soap-api/1.4.2/jakarta.xml.soap-api-1.4.2.jar:/home/makarand.palsule@newvisionsoftpune.com/.m2/repository/org/jvnet/staxex/stax-ex/1.8.3/stax-ex-1.8.3.jar:/home/makarand.palsule@newvisionsoftpune.com/.m2/repository/com/sun/activation/jakarta.activation/1.2.2/jakarta.activation-1.2.2.jar:/home/makarand.palsule@newvisionsoftpune.com/.m2/repository/jakarta/xml/ws/jakarta.xml.ws-api/2.3.3/jakarta.xml.ws-api-2.3.3.jar:/home/makarand.palsule@newvisionsoftpune.com/.m2/repository/jakarta/jws/jakarta.jws-api/2.1.0/jakarta.jws-api-2.1.0.jar:/home/makarand.palsule@newvisionsoftpune.com/.m2/repository/org/springframework/spring-oxm/5.3.21/spring-oxm-5.3.21.jar:/home/makarand.palsule@newvisionsoftpune.com/.m2/repository/org/springframework/ws/spring-ws-core/3.1.3/spring-ws-core-3.1.3.jar:/home/makarand.palsule@newvisionsoftpune.com/.m2/repository/org/springframework/ws/spring-xml/3.1.3/spring-xml-3.1.3.jar:/home/makarand.palsule@newvisionsoftpune.com/.m2/repository/org/springframework/boot/spring-boot-starter-test/2.7.1/spring-boot-starter-test-2.7.1.jar:/home/makarand.palsule@newvisionsoftpune.com/.m2/repository/org/springframework/boot/spring-boot-test/2.7.1/spring-boot-test-2.7.1.jar:/home/makarand.palsule@newvisionsoftpune.com/.m2/repository/org/springframework/boot/spring-boot-test-autoconfigure/2.7.1/spring-boot-test-autoconfigure-2.7.1.jar:/home/makarand.palsule@newvisionsoftpune.com/.m2/repository/com/jayway/jsonpath/json-path/2.7.0/json-path-2.7.0.jar:/home/makarand.palsule@newvisionsoftpune.com/.m2/repository/net/minidev/json-smart/2.4.8/json-smart-2.4.8.jar:/home/makarand.palsule@newvisionsoftpune.com/.m2/repository/net/minidev/accessors-smart/2.4.8/accessors-smart-2.4.8.jar:/home/makarand.palsule@newvisionsoftpune.com/.m2/repository/org/ow2/asm/asm/9.1/asm-9.1.jar:/home/makarand.palsule@newvisionsoftpune.com/.m2/repository/org/slf4j/slf4j-api/1.7.36/slf4j-api-1.7.36.jar:/home/makarand.palsule@newvisionsoftpune.com/.m2/repository/jakarta/xml/bind/jakarta.xml.bind-api/2.3.3/jakarta.xml.bind-api-2.3.3.jar:/home/makarand.palsule@newvisionsoftpune.com/.m2/repository/jakarta/activation/jakarta.activation-api/1.2.2/jakarta.activation-api-1.2.2.jar:/home/makarand.palsule@newvisionsoftpune.com/.m2/repository/org/assertj/assertj-core/3.22.0/assertj-core-3.22.0.jar:/home/makarand.palsule@newvisionsoftpune.com/.m2/repository/org/hamcrest/hamcrest/2.2/hamcrest-2.2.jar:/home/makarand.palsule@newvisionsoftpune.com/.m2/repository/org/junit/jupiter/junit-jupiter/5.8.2/junit-jupiter-5.8.2.jar:/home/makarand.palsule@newvisionsoftpune.com/.m2/repository/org/junit/jupiter/junit-jupiter-api/5.8.2/junit-jupiter-api-5.8.2.jar:/home/makarand.palsule@newvisionsoftpune.com/.m2/repository/org/opentest4j/opentest4j/1.2.0/opentest4j-1.2.0.jar:/home/makarand.palsule@newvisionsoftpune.com/.m2/repository/org/junit/platform/junit-platform-commons/1.8.2/junit-platform-commons-1.8.2.jar:/home/makarand.palsule@newvisionsoftpune.com/.m2/repository/org/apiguardian/apiguardian-api/1.1.2/apiguardian-api-1.1.2.jar:/home/makarand.palsule@newvisionsoftpune.com/.m2/repository/org/junit/jupiter/junit-jupiter-params/5.8.2/junit-jupiter-params-5.8.2.jar:/home/makarand.palsule@newvisionsoftpune.com/.m2/repository/org/junit/jupiter/junit-jupiter-engine/5.8.2/junit-jupiter-engine-5.8.2.jar:/home/makarand.palsule@newvisionsoftpune.com/.m2/repository/org/junit/platform/junit-platform-engine/1.8.2/junit-platform-engine-1.8.2.jar:/home/makarand.palsule@newvisionsoftpune.com/.m2/repository/org/mockito/mockito-core/4.5.1/mockito-core-4.5.1.jar:/home/makarand.palsule@newvisionsoftpune.com/.m2/repository/net/bytebuddy/byte-buddy/1.12.11/byte-buddy-1.12.11.jar:/home/makarand.palsule@newvisionsoftpune.com/.m2/repository/net/bytebuddy/byte-buddy-agent/1.12.11/byte-buddy-agent-1.12.11.jar:/home/makarand.palsule@newvisionsoftpune.com/.m2/repository/org/objenesis/objenesis/3.2/objenesis-3.2.jar:/home/makarand.palsule@newvisionsoftpune.com/.m2/repository/org/mockito/mockito-junit-jupiter/4.5.1/mockito-junit-jupiter-4.5.1.jar:/home/makarand.palsule@newvisionsoftpune.com/.m2/repository/org/skyscreamer/jsonassert/1.5.0/jsonassert-1.5.0.jar:/home/makarand.palsule@newvisionsoftpune.com/.m2/repository/com/vaadin/external/google/android-json/0.0.20131108.vaadin1/android-json-0.0.20131108.vaadin1.jar:/home/makarand.palsule@newvisionsoftpune.com/.m2/repository/org/springframework/spring-core/5.3.21/spring-core-5.3.21.jar:/home/makarand.palsule@newvisionsoftpune.com/.m2/repository/org/springframework/spring-jcl/5.3.21/spring-jcl-5.3.21.jar:/home/makarand.palsule@newvisionsoftpune.com/.m2/repository/org/springframework/spring-test/5.3.21/spring-test-5.3.21.jar:/home/makarand.palsule@newvisionsoftpune.com/.m2/repository/org/xmlunit/xmlunit-core/2.9.0/xmlunit-core-2.9.0.jar:"/>
    <property name="java.vm.vendor" value="Eclipse Adoptium"/>
    <property name="sun.arch.data.model" value="64"/>
    <property name="java.vendor.url" value="https://adoptium.net/"/>
    <property name="os.name" value="Linux"/>
    <property name="java.vm.specification.version" value="17"/>
    <property name="sun.java.launcher" value="SUN_STANDARD"/>
    <property name="user.country" value="IN"/>
    <property name="sun.boot.library.path" value="/home/makarand.palsule@newvisionsoftpune.com/Downloads/spring-tool-suite-4-4.13.1.RELEASE-e4.22.0-linux.gtk.x86_64/sts-4.13.1.RELEASE/plugins/org.eclipse.justj.openjdk.hotspot.jre.full.linux.x86_64_17.0.1.v20211116-1657/jre/lib"/>
    <property name="sun.java.command" value="/home/makarand.palsule@newvisionsoftpune.com/Downloads/IVA (1)/IVA/target/surefire/surefirebooter13103158958857894876.jar /home/makarand.palsule@newvisionsoftpune.com/Downloads/IVA (1)/IVA/target/surefire 2022-07-07T11-08-15_594-jvmRun1 surefire14874216365143018949tmp surefire_08751746999222813786tmp"/>
    <property name="jdk.debug" value="release"/>
    <property name="surefire.test.class.path" value="/home/makarand.palsule@newvisionsoftpune.com/Downloads/IVA (1)/IVA/target/test-classes:/home/makarand.palsule@newvisionsoftpune.com/Downloads/IVA (1)/IVA/target/classes:/home/makarand.palsule@newvisionsoftpune.com/.m2/repository/org/springframework/boot/spring-boot-starter-web/2.7.1/spring-boot-starter-web-2.7.1.jar:/home/makarand.palsule@newvisionsoftpune.com/.m2/repository/org/springframework/boot/spring-boot-starter/2.7.1/spring-boot-starter-2.7.1.jar:/home/makarand.palsule@newvisionsoftpune.com/.m2/repository/org/springframework/boot/spring-boot/2.7.1/spring-boot-2.7.1.jar:/home/makarand.palsule@newvisionsoftpune.com/.m2/repository/org/springframework/boot/spring-boot-autoconfigure/2.7.1/spring-boot-autoconfigure-2.7.1.jar:/home/makarand.palsule@newvisionsoftpune.com/.m2/repository/org/springframework/boot/spring-boot-starter-logging/2.7.1/spring-boot-starter-logging-2.7.1.jar:/home/makarand.palsule@newvisionsoftpune.com/.m2/repository/ch/qos/logback/logback-classic/1.2.11/logback-classic-1.2.11.jar:/home/makarand.palsule@newvisionsoftpune.com/.m2/repository/ch/qos/logback/logback-core/1.2.11/logback-core-1.2.11.jar:/home/makarand.palsule@newvisionsoftpune.com/.m2/repository/org/apache/logging/log4j/log4j-to-slf4j/2.17.2/log4j-to-slf4j-2.17.2.jar:/home/makarand.palsule@newvisionsoftpune.com/.m2/repository/org/apache/logging/log4j/log4j-api/2.17.2/log4j-api-2.17.2.jar:/home/makarand.palsule@newvisionsoftpune.com/.m2/repository/org/slf4j/jul-to-slf4j/1.7.36/jul-to-slf4j-1.7.36.jar:/home/makarand.palsule@newvisionsoftpune.com/.m2/repository/jakarta/annotation/jakarta.annotation-api/1.3.5/jakarta.annotation-api-1.3.5.jar:/home/makarand.palsule@newvisionsoftpune.com/.m2/repository/org/yaml/snakeyaml/1.30/snakeyaml-1.30.jar:/home/makarand.palsule@newvisionsoftpune.com/.m2/repository/org/springframework/boot/spring-boot-starter-json/2.7.1/spring-boot-starter-json-2.7.1.jar:/home/makarand.palsule@newvisionsoftpune.com/.m2/repository/com/fasterxml/jackson/core/jackson-databind/2.13.3/jackson-databind-2.13.3.jar:/home/makarand.palsule@newvisionsoftpune.com/.m2/repository/com/fasterxml/jackson/core/jackson-annotations/2.13.3/jackson-annotations-2.13.3.jar:/home/makarand.palsule@newvisionsoftpune.com/.m2/repository/com/fasterxml/jackson/core/jackson-core/2.13.3/jackson-core-2.13.3.jar:/home/makarand.palsule@newvisionsoftpune.com/.m2/repository/com/fasterxml/jackson/datatype/jackson-datatype-jdk8/2.13.3/jackson-datatype-jdk8-2.13.3.jar:/home/makarand.palsule@newvisionsoftpune.com/.m2/repository/com/fasterxml/jackson/datatype/jackson-datatype-jsr310/2.13.3/jackson-datatype-jsr310-2.13.3.jar:/home/makarand.palsule@newvisionsoftpune.com/.m2/repository/com/fasterxml/jackson/module/jackson-module-parameter-names/2.13.3/jackson-module-parameter-names-2.13.3.jar:/home/makarand.palsule@newvisionsoftpune.com/.m2/repository/org/springframework/boot/spring-boot-starter-tomcat/2.7.1/spring-boot-starter-tomcat-2.7.1.jar:/home/makarand.palsule@newvisionsoftpune.com/.m2/repository/org/apache/tomcat/embed/tomcat-embed-core/9.0.64/tomcat-embed-core-9.0.64.jar:/home/makarand.palsule@newvisionsoftpune.com/.m2/repository/org/apache/tomcat/embed/tomcat-embed-el/9.0.64/tomcat-embed-el-9.0.64.jar:/home/makarand.palsule@newvisionsoftpune.com/.m2/repository/org/apache/tomcat/embed/tomcat-embed-websocket/9.0.64/tomcat-embed-websocket-9.0.64.jar:/home/makarand.palsule@newvisionsoftpune.com/.m2/repository/org/springframework/spring-web/5.3.21/spring-web-5.3.21.jar:/home/makarand.palsule@newvisionsoftpune.com/.m2/repository/org/springframework/spring-beans/5.3.21/spring-beans-5.3.21.jar:/home/makarand.palsule@newvisionsoftpune.com/.m2/repository/org/springframework/spring-webmvc/5.3.21/spring-webmvc-5.3.21.jar:/home/makarand.palsule@newvisionsoftpune.com/.m2/repository/org/springframework/spring-aop/5.3.21/spring-aop-5.3.21.jar:/home/makarand.palsule@newvisionsoftpune.com/.m2/repository/org/springframework/spring-context/5.3.21/spring-context-5.3.21.jar:/home/makarand.palsule@newvisionsoftpune.com/.m2/repository/org/springframework/spring-expression/5.3.21/spring-expression-5.3.21.jar:/home/makarand.palsule@newvisionsoftpune.com/.m2/repository/org/springframework/boot/spring-boot-starter-web-services/2.7.1/spring-boot-starter-web-services-2.7.1.jar:/home/makarand.palsule@newvisionsoftpune.com/.m2/repository/com/sun/xml/messaging/saaj/saaj-impl/1.5.3/saaj-impl-1.5.3.jar:/home/makarand.palsule@newvisionsoftpune.com/.m2/repository/jakarta/xml/soap/jakarta.xml.soap-api/1.4.2/jakarta.xml.soap-api-1.4.2.jar:/home/makarand.palsule@newvisionsoftpune.com/.m2/repository/org/jvnet/staxex/stax-ex/1.8.3/stax-ex-1.8.3.jar:/home/makarand.palsule@newvisionsoftpune.com/.m2/repository/com/sun/activation/jakarta.activation/1.2.2/jakarta.activation-1.2.2.jar:/home/makarand.palsule@newvisionsoftpune.com/.m2/repository/jakarta/xml/ws/jakarta.xml.ws-api/2.3.3/jakarta.xml.ws-api-2.3.3.jar:/home/makarand.palsule@newvisionsoftpune.com/.m2/repository/jakarta/jws/jakarta.jws-api/2.1.0/jakarta.jws-api-2.1.0.jar:/home/makarand.palsule@newvisionsoftpune.com/.m2/repository/org/springframework/spring-oxm/5.3.21/spring-oxm-5.3.21.jar:/home/makarand.palsule@newvisionsoftpune.com/.m2/repository/org/springframework/ws/spring-ws-core/3.1.3/spring-ws-core-3.1.3.jar:/home/makarand.palsule@newvisionsoftpune.com/.m2/repository/org/springframework/ws/spring-xml/3.1.3/spring-xml-3.1.3.jar:/home/makarand.palsule@newvisionsoftpune.com/.m2/repository/org/springframework/boot/spring-boot-starter-test/2.7.1/spring-boot-starter-test-2.7.1.jar:/home/makarand.palsule@newvisionsoftpune.com/.m2/repository/org/springframework/boot/spring-boot-test/2.7.1/spring-boot-test-2.7.1.jar:/home/makarand.palsule@newvisionsoftpune.com/.m2/repository/org/springframework/boot/spring-boot-test-autoconfigure/2.7.1/spring-boot-test-autoconfigure-2.7.1.jar:/home/makarand.palsule@newvisionsoftpune.com/.m2/repository/com/jayway/jsonpath/json-path/2.7.0/json-path-2.7.0.jar:/home/makarand.palsule@newvisionsoftpune.com/.m2/repository/net/minidev/json-smart/2.4.8/json-smart-2.4.8.jar:/home/makarand.palsule@newvisionsoftpune.com/.m2/repository/net/minidev/accessors-smart/2.4.8/accessors-smart-2.4.8.jar:/home/makarand.palsule@newvisionsoftpune.com/.m2/repository/org/ow2/asm/asm/9.1/asm-9.1.jar:/home/makarand.palsule@newvisionsoftpune.com/.m2/repository/org/slf4j/slf4j-api/1.7.36/slf4j-api-1.7.36.jar:/home/makarand.palsule@newvisionsoftpune.com/.m2/repository/jakarta/xml/bind/jakarta.xml.bind-api/2.3.3/jakarta.xml.bind-api-2.3.3.jar:/home/makarand.palsule@newvisionsoftpune.com/.m2/repository/jakarta/activation/jakarta.activation-api/1.2.2/jakarta.activation-api-1.2.2.jar:/home/makarand.palsule@newvisionsoftpune.com/.m2/repository/org/assertj/assertj-core/3.22.0/assertj-core-3.22.0.jar:/home/makarand.palsule@newvisionsoftpune.com/.m2/repository/org/hamcrest/hamcrest/2.2/hamcrest-2.2.jar:/home/makarand.palsule@newvisionsoftpune.com/.m2/repository/org/junit/jupiter/junit-jupiter/5.8.2/junit-jupiter-5.8.2.jar:/home/makarand.palsule@newvisionsoftpune.com/.m2/repository/org/junit/jupiter/junit-jupiter-api/5.8.2/junit-jupiter-api-5.8.2.jar:/home/makarand.palsule@newvisionsoftpune.com/.m2/repository/org/opentest4j/opentest4j/1.2.0/opentest4j-1.2.0.jar:/home/makarand.palsule@newvisionsoftpune.com/.m2/repository/org/junit/platform/junit-platform-commons/1.8.2/junit-platform-commons-1.8.2.jar:/home/makarand.palsule@newvisionsoftpune.com/.m2/repository/org/apiguardian/apiguardian-api/1.1.2/apiguardian-api-1.1.2.jar:/home/makarand.palsule@newvisionsoftpune.com/.m2/repository/org/junit/jupiter/junit-jupiter-params/5.8.2/junit-jupiter-params-5.8.2.jar:/home/makarand.palsule@newvisionsoftpune.com/.m2/repository/org/junit/jupiter/junit-jupiter-engine/5.8.2/junit-jupiter-engine-5.8.2.jar:/home/makarand.palsule@newvisionsoftpune.com/.m2/repository/org/junit/platform/junit-platform-engine/1.8.2/junit-platform-engine-1.8.2.jar:/home/makarand.palsule@newvisionsoftpune.com/.m2/repository/org/mockito/mockito-core/4.5.1/mockito-core-4.5.1.jar:/home/makarand.palsule@newvisionsoftpune.com/.m2/repository/net/bytebuddy/byte-buddy/1.12.11/byte-buddy-1.12.11.jar:/home/makarand.palsule@newvisionsoftpune.com/.m2/repository/net/bytebuddy/byte-buddy-agent/1.12.11/byte-buddy-agent-1.12.11.jar:/home/makarand.palsule@newvisionsoftpune.com/.m2/repository/org/objenesis/objenesis/3.2/objenesis-3.2.jar:/home/makarand.palsule@newvisionsoftpune.com/.m2/repository/org/mockito/mockito-junit-jupiter/4.5.1/mockito-junit-jupiter-4.5.1.jar:/home/makarand.palsule@newvisionsoftpune.com/.m2/repository/org/skyscreamer/jsonassert/1.5.0/jsonassert-1.5.0.jar:/home/makarand.palsule@newvisionsoftpune.com/.m2/repository/com/vaadin/external/google/android-json/0.0.20131108.vaadin1/android-json-0.0.20131108.vaadin1.jar:/home/makarand.palsule@newvisionsoftpune.com/.m2/repository/org/springframework/spring-core/5.3.21/spring-core-5.3.21.jar:/home/makarand.palsule@newvisionsoftpune.com/.m2/repository/org/springframework/spring-jcl/5.3.21/spring-jcl-5.3.21.jar:/home/makarand.palsule@newvisionsoftpune.com/.m2/repository/org/springframework/spring-test/5.3.21/spring-test-5.3.21.jar:/home/makarand.palsule@newvisionsoftpune.com/.m2/repository/org/xmlunit/xmlunit-core/2.9.0/xmlunit-core-2.9.0.jar:"/>
    <property name="sun.cpu.endian" value="little"/>
    <property name="user.home" value="/home/makarand.palsule@newvisionsoftpune.com"/>
    <property name="user.language" value="en"/>
    <property name="java.specification.vendor" value="Oracle Corporation"/>
    <property name="java.version.date" value="2021-10-19"/>
    <property name="java.home" value="/home/makarand.palsule@newvisionsoftpune.com/Downloads/spring-tool-suite-4-4.13.1.RELEASE-e4.22.0-linux.gtk.x86_64/sts-4.13.1.RELEASE/plugins/org.eclipse.justj.openjdk.hotspot.jre.full.linux.x86_64_17.0.1.v20211116-1657/jre"/>
    <property name="file.separator" value="/"/>
    <property name="style.color" value="always"/>
    <property name="basedir" value="/home/makarand.palsule@newvisionsoftpune.com/Downloads/IVA (1)/IVA"/>
    <property name="java.vm.compressedOopsMode" value="Zero based"/>
    <property name="line.separator" value="&#10;"/>
    <property name="java.vm.specification.vendor" value="Oracle Corporation"/>
    <property name="java.specification.name" value="Java Platform API Specification"/>
    <property name="surefire.real.class.path" value="/home/makarand.palsule@newvisionsoftpune.com/Downloads/IVA (1)/IVA/target/surefire/surefirebooter13103158958857894876.jar"/>
    <property name="sun.management.compiler" value="HotSpot 64-Bit Tiered Compilers"/>
    <property name="java.runtime.version" value="17.0.1+12"/>
    <property name="user.name" value="makarand.palsule@newvisionsoftpune.com"/>
    <property name="path.separator" value=":"/>
    <property name="os.version" value="5.13.0-52-generic"/>
    <property name="java.runtime.name" value="OpenJDK Runtime Environment"/>
    <property name="file.encoding" value="UTF-8"/>
    <property name="java.vm.name" value="OpenJDK 64-Bit Server VM"/>
    <property name="java.vendor.version" value="Temurin-17.0.1+12"/>
    <property name="localRepository" value="/home/makarand.palsule@newvisionsoftpune.com/.m2/repository"/>
    <property name="java.vendor.url.bug" value="https://github.com/adoptium/adoptium-support/issues"/>
    <property name="java.io.tmpdir" value="/tmp"/>
    <property name="java.version" value="17.0.1"/>
    <property name="user.dir" value="/home/makarand.palsule@newvisionsoftpune.com/Downloads/IVA (1)/IVA"/>
    <property name="os.arch" value="amd64"/>
    <property name="java.vm.specification.name" value="Java Virtual Machine Specification"/>
    <property name="native.encoding" value="UTF-8"/>
    <property name="java.library.path" value="/usr/java/packages/lib:/usr/lib64:/lib64:/lib:/usr/lib"/>
    <property name="java.vm.info" value="mixed mode"/>
    <property name="java.vendor" value="Eclipse Adoptium"/>
    <property name="java.vm.version" value="17.0.1+12"/>
    <property name="sun.io.unicode.encoding" value="UnicodeLittle"/>
    <property name="java.class.version" value="61.0"/>
  </properties>
  <testcase name="contextLoads" classname="io.newvisionsoftware.IVA.IvaApplicationTests" time="0.361"/>
</testsuite>